C51 COMPILER V9.59.0.0   MOTOR                                                             03/03/2023 16:51:45 PAGE 1   


C51 COMPILER V9.59.0.0, COMPILATION OF MODULE MOTOR
OBJECT MODULE PLACED IN .\Objects\motor.obj
COMPILER INVOKED BY: C:\Keil_v5\C51\BIN\C51.EXE motor.c OPTIMIZE(8,SPEED) BROWSE INCDIR(..\keil) DEBUG OBJECTEXTEND PRIN
                    -T(.\Listings\motor.lst) TABS(2) OBJECT(.\Objects\motor.obj)

line level    source

   1          #include"motor.h"
   2          
   3          uchar st[]={0x06,0x02,0x03,0x01,0x09,0x08,0x0c,0x04};
   4          
   5          void motor_data(unsigned char da)
   6          {
   7   1        Px0 = (bit)(da & 0x01);
   8   1        Px1 = (bit)(da & 0x02);
   9   1        Px2 = (bit)(da & 0x04);
  10   1        Px3 = (bit)(da & 0x08); 
  11   1      }
  12          
  13          void motor_angle(int angle)
  14          {
  15   1        motor_data(st[(angle/45)%8]);
  16   1      }
  17          
  18          void motor_direction(uchar D,int S)
  19          {
  20   1        uchar i;
  21   1        if(D == 1)
  22   1        {
  23   2          for(i=0;i<8;i++)
  24   2          {
  25   3            motor_data(st[i]);
  26   3            DelayMs(5000-S);
  27   3          }
  28   2        }
  29   1        else
  30   1        {
  31   2          for(i=7;i>=0;i--)
  32   2          {
  33   3            motor_data(st[i]);
  34   3            DelayMs(5000-S);
  35   3          }
  36   2        }
  37   1      }


MODULE INFORMATION:   STATIC OVERLAYABLE
   CODE SIZE        =    123    ----
   CONSTANT SIZE    =   ----    ----
   XDATA SIZE       =   ----    ----
   PDATA SIZE       =   ----    ----
   DATA SIZE        =      8       3
   IDATA SIZE       =   ----    ----
   BIT SIZE         =   ----    ----
END OF MODULE INFORMATION.


C51 COMPILATION COMPLETE.  0 WARNING(S),  0 ERROR(S)
